<?xml version="1.0" encoding="UTF-8"?>
<!-- Generated by org.testng.reporters.JUnitXMLReporter -->
<testsuite ignored="2" hostname="DESKTOP-BU1NRCS" failures="0" tests="1" name="ChromeTest" time="9.922" errors="0" timestamp="2025-06-27T12:14:14 IST">
  <testcase classname="mainpackage.LoginTestClass" name="invalidusername" time="3.39"/>
  <testcase classname="mainpackage.LoginTestClass" name="invalidcredentials" time="0.0">
    <ignored/>
  </testcase> <!-- invalidcredentials -->
  <testcase classname="mainpackage.LoginTestClass" name="validcredentials" time="0.0">
    <ignored/>
  </testcase> <!-- validcredentials -->
</testsuite> <!-- ChromeTest -->
