<?xml version="1.0" encoding="UTF-8"?>
<testng-results ignored="0" total="4" passed="4" failed="0" skipped="0">
  <reporter-output>
  </reporter-output>
  <suite started-at="2025-06-30T11:51:29 IST" name="Suite" finished-at="2025-06-30T11:51:49 IST" duration-ms="19844">
    <groups>
      <group name="smoke">
        <method signature="LoginTestClass.invalidcredentials(java.lang.String,java.lang.String)[pri:0, instance:mainpackage.LoginTestClass@173ed316]" name="invalidcredentials" class="mainpackage.LoginTestClass"/>
        <method signature="LoginTestClass.invalidusername()[pri:0, instance:mainpackage.LoginTestClass@173ed316]" name="invalidusername" class="mainpackage.LoginTestClass"/>
      </group> <!-- smoke -->
    </groups>
    <test started-at="2025-06-30T11:51:29 IST" name="ChromeTest" finished-at="2025-06-30T11:51:49 IST" duration-ms="19844">
      <class name="mainpackage.LoginTestClass">
        <test-method is-config="true" signature="beforeMethod(java.lang.String)[pri:0, instance:mainpackage.LoginTestClass@173ed316]" started-at="2025-06-30T11:51:29 IST" name="beforeMethod" finished-at="2025-06-30T11:51:37 IST" duration-ms="7320" status="PASS">
          <params>
            <param index="0">
              <value>
                <![CDATA[Chrome]]>
              </value>
            </param>
          </params>
          <reporter-output>
          </reporter-output>
        </test-method> <!-- beforeMethod -->
        <test-method signature="invalidcredentials(java.lang.String,java.lang.String)[pri:0, instance:mainpackage.LoginTestClass@173ed316]" started-at="2025-06-30T11:51:37 IST" name="invalidcredentials" data-provider="mainproject" finished-at="2025-06-30T11:51:37 IST" duration-ms="456" status="PASS">
          <params>
            <param index="0">
              <value>
                <![CDATA[admin]]>
              </value>
            </param>
            <param index="1">
              <value>
                <![CDATA[admin]]>
              </value>
            </param>
          </params>
          <reporter-output>
          </reporter-output>
        </test-method> <!-- invalidcredentials -->
        <test-method is-config="true" signature="beforeMethod(java.lang.String)[pri:0, instance:mainpackage.LoginTestClass@173ed316]" started-at="2025-06-30T11:51:37 IST" name="beforeMethod" finished-at="2025-06-30T11:51:39 IST" duration-ms="2233" status="PASS">
          <params>
            <param index="0">
              <value>
                <![CDATA[Chrome]]>
              </value>
            </param>
          </params>
          <reporter-output>
          </reporter-output>
        </test-method> <!-- beforeMethod -->
        <test-method signature="invalidcredentials(java.lang.String,java.lang.String)[pri:0, instance:mainpackage.LoginTestClass@173ed316]" started-at="2025-06-30T11:51:39 IST" name="invalidcredentials" data-provider="mainproject" finished-at="2025-06-30T11:51:40 IST" duration-ms="509" status="PASS">
          <params>
            <param index="0">
              <value>
                <![CDATA[Meenu]]>
              </value>
            </param>
            <param index="1">
              <value>
                <![CDATA[588876]]>
              </value>
            </param>
          </params>
          <reporter-output>
          </reporter-output>
        </test-method> <!-- invalidcredentials -->
        <test-method is-config="true" signature="beforeMethod(java.lang.String)[pri:0, instance:mainpackage.LoginTestClass@173ed316]" started-at="2025-06-30T11:51:40 IST" name="beforeMethod" finished-at="2025-06-30T11:51:45 IST" duration-ms="5146" status="PASS">
          <params>
            <param index="0">
              <value>
                <![CDATA[Chrome]]>
              </value>
            </param>
          </params>
          <reporter-output>
          </reporter-output>
        </test-method> <!-- beforeMethod -->
        <test-method signature="invalidcredentials(java.lang.String,java.lang.String)[pri:0, instance:mainpackage.LoginTestClass@173ed316]" started-at="2025-06-30T11:51:45 IST" name="invalidcredentials" data-provider="mainproject" finished-at="2025-06-30T11:51:45 IST" duration-ms="450" status="PASS">
          <params>
            <param index="0">
              <value>
                <![CDATA[dgydyd]]>
              </value>
            </param>
            <param index="1">
              <value>
                <![CDATA[56877]]>
              </value>
            </param>
          </params>
          <reporter-output>
          </reporter-output>
        </test-method> <!-- invalidcredentials -->
        <test-method is-config="true" signature="beforeMethod(java.lang.String)[pri:0, instance:mainpackage.LoginTestClass@173ed316]" started-at="2025-06-30T11:51:45 IST" name="beforeMethod" finished-at="2025-06-30T11:51:48 IST" duration-ms="2760" status="PASS">
          <params>
            <param index="0">
              <value>
                <![CDATA[Chrome]]>
              </value>
            </param>
          </params>
          <reporter-output>
          </reporter-output>
        </test-method> <!-- beforeMethod -->
        <test-method signature="invalidusername()[pri:0, instance:mainpackage.LoginTestClass@173ed316]" started-at="2025-06-30T11:51:48 IST" name="invalidusername" finished-at="2025-06-30T11:51:49 IST" duration-ms="865" status="PASS">
          <reporter-output>
          </reporter-output>
        </test-method> <!-- invalidusername -->
      </class> <!-- mainpackage.LoginTestClass -->
    </test> <!-- ChromeTest -->
  </suite> <!-- Suite -->
</testng-results>
