<?xml version="1.0" encoding="UTF-8"?>
<!-- Generated by org.testng.reporters.JUnitXMLReporter -->
<testsuite ignored="1" hostname="DESKTOP-BU1NRCS" failures="0" tests="4" name="ChromeTest" time="19.844" errors="0" timestamp="2025-06-30T11:51:49 IST">
  <testcase classname="mainpackage.LoginTestClass" name="invalidcredentials" time="0.456"/>
  <testcase classname="mainpackage.LoginTestClass" name="invalidcredentials" time="0.509"/>
  <testcase classname="mainpackage.LoginTestClass" name="invalidcredentials" time="0.45"/>
  <testcase classname="mainpackage.LoginTestClass" name="invalidusername" time="0.865"/>
  <testcase classname="mainpackage.LoginTestClass" name="validcredentials" time="0.0">
    <ignored/>
  </testcase> <!-- validcredentials -->
</testsuite> <!-- ChromeTest -->
