<?xml version="1.0" encoding="UTF-8"?>
<!-- Generated by org.testng.reporters.JUnitXMLReporter -->
<testsuite ignored="2" hostname="DESKTOP-BU1NRCS" failures="0" tests="1" name="EdgeTest" time="6.149" errors="0" timestamp="2025-06-27T12:10:10 IST">
  <testcase classname="mainpackage.LoginTestClass" name="invalidusername" time="0.889"/>
  <testcase classname="mainpackage.LoginTestClass" name="validcredentials" time="0.0">
    <ignored/>
  </testcase> <!-- validcredentials -->
  <testcase classname="mainpackage.LoginTestClass" name="invalidcredentials" time="0.0">
    <ignored/>
  </testcase> <!-- invalidcredentials -->
</testsuite> <!-- EdgeTest -->
